0:100  0:100  MemLog inited, TSC freq: 3408473680
0:100  0:000  CPU was calibrated with RTC
0:100  0:000  
0:100  0:000  Now is 11.9.2019,  18:14:35 (GMT)
0:100  0:000  Starting Clover revision: 5017 on American Megatrends EFI
0:100  0:000  Build with: [Args: -mc --no-usb -D NO_GRUB_DRIVERS_EMBEDDED -t XCODE8 | -D DISABLE_USB_SUPPORT -D NO_GRUB_DRIVERS_EMBEDDED --conf=/Users/mald0n/src/edk2/Conf -D USE_BIOS_BLOCKIO -D USE_LOW_EBDA -a X64 -b RELEASE -t XCODE8 -n 17 | OS: 10.14.6 | XCODE: 10.2.1]
0:100  0:000  SelfDevicePath=PciRoot(0x0)\Pci(0x17,0x0)\Sata(0x0,0xFFFF,0x0)\HD(1,GPT,CC922D4D-190C-4667-A0A3-4A0EBE918FC4,0x28,0x64000) @B62B1F98
0:100  0:000  SelfDirPath = \EFI\BOOT
0:102  0:002  === [ Get Smbios ] ========================================
0:102  0:000  Type 16 Index = 0
0:102  0:000  Total Memory Slots Count = 4
0:102  0:000  Type 17 Index = 0
0:102  0:000  Ignoring insane frequency value 0MHz
0:102  0:000  SmbiosTable.Type17->Speed = 0MHz
0:102  0:000  SmbiosTable.Type17->Size = 0MB
0:102  0:000  SmbiosTable.Type17->Bank/Device = BANK 0 ChannelA-DIMM0
0:102  0:000  SmbiosTable.Type17->Vendor = <null string>
0:102  0:000  SmbiosTable.Type17->SerialNumber = <null string>
0:102  0:000  SmbiosTable.Type17->PartNumber = <null string>
0:102  0:000  Type 17 Index = 1
0:102  0:000  Ignoring insane frequency value 0MHz
0:102  0:000  SmbiosTable.Type17->Speed = 0MHz
0:102  0:000  SmbiosTable.Type17->Size = 0MB
0:102  0:000  SmbiosTable.Type17->Bank/Device = BANK 1 ChannelA-DIMM1
0:102  0:000  SmbiosTable.Type17->Vendor = <null string>
0:102  0:000  SmbiosTable.Type17->SerialNumber = <null string>
0:102  0:000  SmbiosTable.Type17->PartNumber = <null string>
0:102  0:000  Type 17 Index = 2
0:102  0:000  Ignoring insane frequency value 0MHz
0:102  0:000  SmbiosTable.Type17->Speed = 0MHz
0:102  0:000  SmbiosTable.Type17->Size = 0MB
0:102  0:000  SmbiosTable.Type17->Bank/Device = BANK 2 ChannelB-DIMM0
0:102  0:000  SmbiosTable.Type17->Vendor = <null string>
0:102  0:000  SmbiosTable.Type17->SerialNumber = <null string>
0:102  0:000  SmbiosTable.Type17->PartNumber = <null string>
0:102  0:000  Type 17 Index = 3
0:102  0:000  SmbiosTable.Type17->Speed = 2400MHz
0:102  0:000  SmbiosTable.Type17->Size = 8192MB
0:102  0:000  SmbiosTable.Type17->Bank/Device = BANK 3 ChannelB-DIMM1
0:102  0:000  SmbiosTable.Type17->Vendor = 029E
0:102  0:000  SmbiosTable.Type17->SerialNumber = 00000000
0:102  0:000  SmbiosTable.Type17->PartNumber = CMK8GX4M1A2400C16   
0:102  0:000  Boot status=0
0:102  0:000  Running on: 'Gaming B8' with board 'Gaming B8-CF'
0:102  0:000  === [ GetCPUProperties ] ==================================
0:102  0:000  CPU Vendor = 756E6547 Model=906E9
0:102  0:000   The CPU supported SSE4.1
0:102  0:000  BrandString = Intel(R) Core(TM) i5-7500 CPU @ 3.40GHz
0:102  0:000   The CPU supported turbo
0:102  0:000  MSR 0x35               40004
0:102  0:000   TSC/CCC Information Leaf:
0:102  0:000    numerator     : 284
0:102  0:000    denominator   : 2
0:102  0:000   Calibrated ARTFrequency: 24003335
0:102  0:000  MSR 0xE2 before patch 7E000006
0:102  0:000  MSR 0xCE              08080838_F1012200
0:102  0:000  corrected FLEX_RATIO = 0
0:102  0:000  FSBFrequency = 106 MHz, DMI FSBFrequency = 100 MHz, Corrected FSBFrequency = 100 MHz
0:102  0:000  MaxDiv/MinDiv: 34.0/8
0:102  0:000  Turbo: 36/37/37/38
0:102  0:000  Features: 0xBFEBFBFF
0:102  0:000  Threads: 4
0:102  0:000  Cores: 4
0:102  0:000  FSB: 100 MHz
0:102  0:000  CPU: 3600 MHz
0:102  0:000  TSC: 3600 MHz
0:102  0:000  PIS: 100 MHz
0:102  0:000  ExternalClock: 25 MHz
0:102  0:000  === [ GetDevices ] ========================================
0:102  0:000  PCI (00|00:00.00) : 8086 591F class=060000
0:102  0:000  PCI (00|00:02.00) : 8086 5912 class=030000
0:102  0:000   - GFX: Model=Intel HD Graphics 630 (Intel)
0:102  0:000  PCI (00|00:08.00) : 8086 1911 class=088000
0:102  0:000  PCI (00|00:14.00) : 8086 A2AF class=0C0330
0:102  0:000  PCI (00|00:16.00) : 8086 A2BA class=078000
0:102  0:000  PCI (00|00:17.00) : 8086 A282 class=010601
0:102  0:000  PCI (00|00:1B.00) : 8086 A2EB class=060400
0:102  0:000  PCI (00|00:1C.00) : 8086 A294 class=060400
0:102  0:000  PCI (00|02:00.00) : 1B21 2142 class=0C0330
0:102  0:000  PCI (00|00:1C.06) : 8086 A296 class=060400
0:102  0:000  PCI (00|03:00.00) : 14E4 43BA class=028000
0:102  0:000   - WIFI: Vendor=Broadcom
0:102  0:000  PCI (00|00:1C.07) : 8086 A297 class=060400
0:102  0:000  PCI (00|00:1D.00) : 8086 A298 class=060400
0:102  0:000  PCI (00|00:1F.00) : 8086 A2C8 class=060100
0:102  0:000  PCI (00|00:1F.02) : 8086 A2A1 class=058000
0:102  0:000  PCI (00|00:1F.03) : 8086 A2F0 class=040300
0:102  0:000  PCI (00|00:1F.04) : 8086 A2A3 class=0C0500
0:102  0:000  PCI (00|00:1F.06) : 8086 15B8 class=020000
0:102  0:000   - LAN: 0 Vendor=Intel
0:102  0:000  === [ GetDefaultSettings ] ================================
0:103  0:000  Clover load options size = 0 bytes
0:110  0:006  EFI\CLOVER\config.plist loaded: Success
0:110  0:000  === [ GetListOfThemes ] ===================================
0:110  0:000  - [00]: OlarilaAnimation
0:115  0:004  === [ Found config plists ] ===============================
0:116  0:001  - config.plist
0:117  0:000  === [ GetEarlyUserSettings ] ==============================
0:117  0:000  timeout set to 5
0:117  0:000  Custom boot CUSTOM_BOOT_DISABLED (0x0)
0:117  0:000  KextsToPatch: 13 requested
0:117  0:000   - [00]: com.apple.driver.AppleAHCIPort (External icons patch) :: MatchOS: 10.11.x,10.12.x,10.13.x,10.14.x,10.15.x :: BinPatch :: data len: 8
0:117  0:000   - [01]: com.apple.driver.AppleMikeyDriver (MikeyDriver Patch Assertions) :: MatchOS: 10.11.x,10.12.x,10.13.x,10.14.x,10.15.x :: BinPatch :: data len: 16
0:117  0:000   - [02]: com.apple.driver.AppleGraphicsDevicePolicy (Prevent AGDP from loading) :: MatchOS: 10.11.x,10.12.x,10.13.x,10.14.x,10.15.x :: BinPatch :: data len: 5
0:117  0:000   - [03]: com.apple.driver.AppleHDA (AppleHDA Patch Assertions) :: MatchOS: 10.11.x,10.12.x,10.13.x,10.14.x,10.15.x :: BinPatch :: data len: 16
0:117  0:000   - [04]: com.apple.driver.usb.AppleUSBXHCIPCI (USB port limit patch) :: MatchOS: 10.11.x :: BinPatch :: data len: 7
0:117  0:000   - [05]: com.apple.driver.usb.AppleUSBXHCIPCI (USB port limit patch) :: MatchOS: 10.12.x :: BinPatch :: data len: 7
0:117  0:000   - [06]: com.apple.driver.usb.AppleUSBXHCI (USB port limit patch by PMHeart) :: MatchOS: 10.13.6 :: BinPatch :: data len: 10
0:117  0:000   - [07]: com.apple.iokit.IOUSBHostFamily (USB port limit patch #1 10.14.x modify by DalianSky(credit ydeng)) :: MatchOS: 10.14.x :: BinPatch :: data len: 4
0:117  0:000   - [08]: com.apple.iokit.IOUSBHostFamily (USB port limit patch #2 10.14.x modify by DalianSky(credit PMHeart)) :: MatchOS: 10.14.x :: BinPatch :: data len: 4
0:117  0:000   - [09]: com.apple.driver.usb.AppleUSBXHCI (USB Port limit patch #3 10.14.x modify by DalianSky(credits PMheart)) :: MatchOS: 10.14.x :: BinPatch :: data len: 4
0:117  0:000   - [10]: com.apple.driver.usb.AppleUSBXHCI (USB Port limit patch #4 10.14.x modify by DalianSky(credits PMheart)) :: MatchOS: 10.14.x :: BinPatch :: data len: 4
0:117  0:000   - [11]: com.apple.iokit.IOUSBHostFamily (USB Port limit patch #1(credits PMheart)) :: MatchOS: 10.15.x :: BinPatch :: data len: 4
0:117  0:000   - [12]: com.apple.driver.usb.AppleUSBXHCI (USB Port limit patch #2(credits PMheart)) :: MatchOS: 10.15.x :: BinPatch :: data len: 4
0:117  0:000  Default theme: OlarilaAnimation
0:117  0:000  === [ LoadDrivers ] =======================================
0:122  0:004  Loading FSInject.efi  status=Success
0:128  0:006  Loading HFSPlus.efi  status=Success
0:132  0:004   - driver needs connecting
0:132  0:000  Loading ApfsDriverLoader.efi  status=Success
0:136  0:004   - driver needs connecting
0:136  0:000  Loading AptioMemoryFix.efi  status=Success
0:242  0:106  2 drivers needs connecting ...
0:242  0:000  PlatformDriverOverrideProtocol->GetDriver overriden
0:242  0:000  HFS+ driver loaded
0:242  0:000  APFS driver loaded
0:242  0:000  Searching for invalid DiskIo BY_DRIVER connects: not found, all ok
0:586  0:343  === [ InitScreen ] ========================================
0:586  0:000  Console modes reported: 6, available modes:
0:586  0:000   - [01]: 80x25 (current mode)
0:586  0:000   - [02]: 80x50
0:586  0:000   - [03]: 100x31
0:586  0:000   - [04]: 127x33
0:586  0:000   - [06]: 120x50
0:586  0:000  SetMaxResolution: found best mode 4: 1920x1080
0:783  0:197  Video mode change to mode #4: Success
0:783  0:000   - set
0:783  0:000  reinit: self device path=PciRoot(0x0)\Pci(0x17,0x0)\Sata(0x0,0xFFFF,0x0)\HD(1,GPT,CC922D4D-190C-4667-A0A3-4A0EBE918FC4,0x28,0x64000)
0:785  0:001  Using embedded font: Success
0:785  0:000  === [ GetMacAddress ] =====================================
0:785  0:000   get legacy LAN MAC, 1 card found
0:785  0:000  Legacy MAC address of LAN #0= 1C:1B:0D:C0:51:3E:
0:785  0:000  === [ ScanSPD ] ===========================================
0:786  0:000  Scanning SMBus [8086:A2A3], mmio: 0xEF64A004, ioport: 0xF040, hostc: 0x11
0:804  0:018  Slot: 3 Type 26 8192MB 2400MHz Vendor=Corsair PartNo=CMK8GX4M1A2400C16 SerialNo=0000000000000000
0:805  0:000  === [ GetAcpiTablesList ] =================================
0:805  0:000  Get Acpi Tables List from RSDT:
0:805  0:000   - [00]: FACP  A M I  len=132
0:805  0:000   - [01]: APIC  A M I  len=132
0:805  0:000   - [02]: FPDT  A M I  len=68
0:805  0:000   - [03]: MCFG  A M I  len=60
0:805  0:000   - [04]: SSDT  SataTabl len=956
0:805  0:000   - [05]: FIDT  A M I len=156
0:805  0:000   - [06]: SSDT  SaSsdt  len=12633
0:805  0:000   - [07]: SSDT  PegSsdt len=9567
0:805  0:000   - [08]: HPET  KBL len=56
0:805  0:000   - [09]: SSDT  Ther_Rvp len=3557
0:805  0:000   - [10]: SSDT  xh_rvp10 len=10967
0:805  0:000   - [11]: UEFI  EDK2     len=66
0:805  0:000   - [12]: SSDT  CpuSsdt len=3806
0:805  0:000   - [13]: LPIT  KBL len=148
0:805  0:000   - [14]: WSMT  KBL len=40
0:805  0:000   - [15]: SSDT  sensrhub len=671
0:805  0:000   - [16]: SSDT  PtidDevc len=12290
0:805  0:000   - [17]: DBGP   len=52
0:805  0:000   - [18]: DBG2   len=84
0:805  0:000   - [19]: BGRT  A M I  len=56
0:805  0:000  Calibrated TSC Frequency = 3408473680 = 3408MHz
0:805  0:000  === [ GetUserSettings ] ===================================
0:805  0:000  USB FixOwnership: yes
0:805  0:000  Dropping 1 tables:
0:805  0:000   - [00]: Drop table  signature="DMAR" (52414D44)
0:805  0:000           - set table: 52414D44,                0 to drop: no
0:805  0:000   - final DSDT Fix mask=10060054
0:805  0:000  PatchesDSDT: 7 requested
0:805  0:000   - [00]: (GFX0 to IGPU) lenToFind: 4, lenToReplace: 4, Target Bridge: <null string>
0:805  0:000   - [01]: (HDAS to HDEF) lenToFind: 4, lenToReplace: 4, Target Bridge: <null string>
0:805  0:000   - [02]: (HECI to IMEI) lenToFind: 4, lenToReplace: 4, Target Bridge: <null string>
0:805  0:000   - [03]: (SAT0 to SATA) lenToFind: 4, lenToReplace: 4, Target Bridge: <null string>
0:805  0:000   - [04]: (GLAN to GIGE) lenToFind: 4, lenToReplace: 4, Target Bridge: <null string>
0:805  0:000   - [05]: (EC0 to EC) lenToFind: 4, lenToReplace: 4, Target Bridge: <null string>
0:805  0:000    patch disabled at config
0:805  0:000   - [06]: (Fix bug SKL+) lenToFind: 8, lenToReplace: 8, Target Bridge: <null string>
0:805  0:000  smartUPS: present
0:805  0:000  Using ProductName from config: iMac18,1
0:805  0:000  BiosVersion: not set, Using BiosVersion from clover
0:805  0:000  BiosVersion: IM181.88Z.F000.B00.1905271025
0:805  0:000  BiosReleaseDate: 05/27/2019
0:805  0:000  Using EfiVersion from clover: 173.0.0.0.0
0:805  0:000  Using FirmwareFeatures from clover: 0xFC0FE137
0:805  0:000  Using FirmwareFeaturesMask from clover: 0xFF1FFF3F
0:805  0:000  Using PlatformFeature from clover: 0x0
0:808  0:002  === [ Found DSDT tables ] =================================
0:889  0:080  === [ ScanVolumes ] =======================================
0:889  0:000  Found 7 volumes with blockIO
0:889  0:000  - [00]: Volume: PciRoot(0x0)\Pci(0x17,0x0)\Sata(0x0,0xFFFF,0x0)
0:889  0:000  - [01]: Volume: PciRoot(0x0)\Pci(0x17,0x0)\Sata(0x0,0xFFFF,0x0)\HD(1,GPT,CC922D4D-190C-4667-A0A3-4A0EBE918FC4,0x28,0x64000)
0:890  0:000          Result of bootcode detection: bootable unknown (legacy)
0:892  0:002          This is SelfVolume !!
0:892  0:000  - [02]: Volume: PciRoot(0x0)\Pci(0x17,0x0)\Sata(0x0,0xFFFF,0x0)\HD(2,GPT,048BF932-9302-4F9B-A5EB-D725272C513D,0x64028,0x29E4FD60)
0:893  0:000          Result of bootcode detection: bootable unknown (legacy)
0:893  0:000  - [03]: Volume: PciRoot(0x0)\Pci(0x17,0x0)\Sata(0x0,0xFFFF,0x0)\HD(2,GPT,048BF932-9302-4F9B-A5EB-D725272C513D,0x64028,0x29E4FD60)\VenMedia(BE74FCF7-0B7C-49F3-9147-01F4042E6842,7B7B399998D2244ABB552D43D24A0CC5)
0:893  0:000  - [04]: Volume: PciRoot(0x0)\Pci(0x17,0x0)\Sata(0x0,0xFFFF,0x0)\HD(2,GPT,048BF932-9302-4F9B-A5EB-D725272C513D,0x64028,0x29E4FD60)\VenMedia(BE74FCF7-0B7C-49F3-9147-01F4042E6842,E860D6F1CBBCC9469D1EEBD8BFA2FE8C)
0:893  0:000  - [05]: Volume: PciRoot(0x0)\Pci(0x17,0x0)\Sata(0x0,0xFFFF,0x0)\HD(2,GPT,048BF932-9302-4F9B-A5EB-D725272C513D,0x64028,0x29E4FD60)\VenMedia(BE74FCF7-0B7C-49F3-9147-01F4042E6842,06406CFA33702D4A926FC74DD030233E)
0:893  0:000  - [06]: Volume: PciRoot(0x0)\Pci(0x17,0x0)\Sata(0x0,0xFFFF,0x0)\HD(2,GPT,048BF932-9302-4F9B-A5EB-D725272C513D,0x64028,0x29E4FD60)\VenMedia(BE74FCF7-0B7C-49F3-9147-01F4042E6842,1A8AADDA79D7BD41B342840F9F828D06)
0:893  0:000  No AudioIoProtocols, status=Not Found
0:893  0:000  === [ InitTheme ] =========================================
0:893  0:000  use daylight theme
0:900  0:006  Using theme 'OlarilaAnimation' (EFI\CLOVER\themes\OlarilaAnimation)
0:900  0:000  OS main and drive as badge
0:900  0:000  Warning! Character width 11 should be even!
0:900  0:000  file sound read: sound.wav Not Found
0:904  0:003  Loading font from ThemeDir: Success
0:904  0:000  theme inited
0:904  0:000  Chosen theme OlarilaAnimation
0:905  0:000  found boot-args in NVRAM:, size=1
0:905  0:000  after NVRAM boot-args=dart=0 -no_compat_check -v
0:905  0:000  === [ Dump SMC keys from NVRAM ] ==========================
0:905  0:000  no AppleSMC protocol
0:948  0:042  === [ ScanLoader ] ========================================
0:948  0:000  - [01]: 'EFI'
1:067  0:119          AddLoaderEntry for Volume Name=EFI
1:067  0:000          skipped because entry is hidden
1:067  0:000  - [03]: 'Preboot'
1:068  0:001          AddLoaderEntry for Volume Name=Preboot
1:070  0:001      hibernated: set as never
1:079  0:009          AddLoaderEntry for Volume Name=Preboot
1:164  0:085  - [04]: 'MacOS'
1:190  0:026          AddLoaderEntry for Volume Name=MacOS
1:195  0:004      hibernated: set as never
2:309  1:113          AddLoaderEntry for Volume Name=MacOS
2:309  0:000          skipped because entry is hidden
2:309  0:000  - [05]: 'Recovery'
2:309  0:000          AddLoaderEntry for Volume Name=Recovery
2:397  0:087  - [06]: 'VM'
2:476  0:079  Scanning legacy ...
2:476  0:000  === [ AddCustomTool ] =====================================
2:480  0:003  Checking EFI partition Volume 1 for Clover
2:483  0:003   Found Clover
2:495  0:011  === [ GetEfiBootDeviceFromNvram ] =========================
2:496  0:001   - efi-boot-device-data: PciRoot(0x0)\Pci(0x17,0x0)\Sata(0x0,0xFFFF,0x0)\HD(2,GPT,DC82146D-4A5D-40B4-8B86-E17758B20414,0x64028,0x29E4FD60)\VenMedia(BE74FCF7-0B7C-49F3-9147-01F4042E6842,8E4FDA2E89108B4FA59FE44368167314)
2:496  0:000    - Volume: 'PciRoot(0x0)\Pci(0x17,0x0)\Sata(0x0,0xFFFF,0x0)\HD(2,GPT,DC82146D-4A5D-40B4-8B86-E17758B20414,0x64028,0x29E4FD60)\VenMedia(BE74FCF7-0B7C-49F3-9147-01F4042E6842,8E4FDA2E89108B4FA59FE44368167314)'
2:496  0:000    - LoaderPath: '<null string>'
2:496  0:000    - Guid = DC82146D-4A5D-40B4-8B86-E17758B20414
2:496  0:000  === [ FindStartupDiskVolume ] =============================
2:496  0:000    - Volume: partition = PciRoot(0x0)\Pci(0x17,0x0)\Sata(0x0,0xFFFF,0x0)\HD(2,GPT,DC82146D-4A5D-40B4-8B86-E17758B20414,0x64028,0x29E4FD60)\VenMedia(BE74FCF7-0B7C-49F3-9147-01F4042E6842,8E4FDA2E89108B4FA59FE44368167314)
2:496  0:000     - searching for that partition
2:496  0:000      - [!] not found
2:496  0:000     - searching again, but comparing Media dev path nodes
2:496  0:000      - [!] not found
2:496  0:000  Default boot entry not found
2:496  0:000  DefaultIndex=-1 and MainMenu.EntryCount=9
2:496  0:000  Use anime=anime frames=10
2:538  0:041   found 10 frames of the anime
2:538  0:000   Anime seems OK, init it
2:538  0:000  banner file not read
2:999  0:461  GUI ready
7:097  4:098  exit from MainMenu 7
7:100  0:003  banner file not read
49:020  41:919   Anime seems OK, init it
49:020  0:000  banner file not read
51:939  2:918  Found BIOS RSDP at F05B0
51:939  0:000  Printing ACPI tables from RSDP F05B0 ...
51:939  0:000   F05B0: 'RSD PTR ', Rev: 0 (Acpi 1.0), Len: 20
51:939  0:000    (Rsdt: BA122028)
51:939  0:000    BA122028: 'RSDT', 'A M I', Rev: 1, Len: 116
51:939  0:000    Tables in Rsdt: 20
51:939  0:000    0. BA122178: 'FACP', 'A M I', Rev: 2, Len: 132
51:939  0:000        (Dsdt: BA122200, Facs: BA4D2C00)
51:939  0:000        BA122200: 'DSDT', 'A M I', Rev: 2, Len: 165515
51:939  0:000        BA4D2C00: 'FACS', Ver: 0, Len: 64
51:939  0:000    1. BA14A9A8: 'APIC', 'A M I', Rev: 3, Len: 132
51:939  0:000    2. BA14AA30: 'FPDT', 'A M I', Rev: 1, Len: 68
51:939  0:000    3. BA14AA78: 'MCFG', 'A M I', Rev: 1, Len: 60
51:939  0:000    4. BA14AAB8: 'SSDT', 'SataTabl', Rev: 1, Len: 956
51:939  0:000    5. BA14AE78: 'FIDT', 'A M I', Rev: 1, Len: 156
51:939  0:000    6. BA14AF18: 'SSDT', 'SaSsdt', Rev: 2, Len: 12633
51:939  0:000    7. BA14E078: 'SSDT', 'PegSsdt', Rev: 2, Len: 9567
51:939  0:000    8. BA1505D8: 'HPET', 'KBL', Rev: 1, Len: 56
51:939  0:000    9. BA150610: 'SSDT', 'Ther_Rvp', Rev: 2, Len: 3557
51:939  0:000    10. BA1513F8: 'SSDT', 'xh_rvp10', Rev: 2, Len: 10967
51:939  0:000    11. BA153ED0: 'UEFI', 'EDK2', Rev: 1, Len: 66
51:939  0:000    12. BA153F18: 'SSDT', 'CpuSsdt', Rev: 2, Len: 3806
51:939  0:000    13. BA154DF8: 'LPIT', 'KBL', Rev: 1, Len: 148
51:939  0:000    14. BA154E90: 'WSMT', 'KBL', Rev: 1, Len: 40
51:939  0:000    15. BA154EB8: 'SSDT', 'sensrhub', Rev: 2, Len: 671
51:939  0:000    16. BA155158: 'SSDT', 'PtidDevc', Rev: 2, Len: 12290
51:939  0:000    17. BA158160: 'DBGP', '', Rev: 1, Len: 52
51:939  0:000    18. BA158198: 'DBG2', '', Rev: 0, Len: 84
51:939  0:000    19. BA1581F0: 'BGRT', 'A M I', Rev: 1, Len: 56
51:939  0:000  Found UEFI Acpi 2.0 RSDP at BA122000
51:939  0:000  Saving ACPI tables from RSDP BA122000 to EFI\CLOVER\ACPI\origin ...
51:939  0:000   BA122000: 'RSD PTR ', Rev: 2 (Acpi 2.0 or newer), Len: 36 -> RSDP.aml
51:963  0:023    (Xsdt: BA1220A0, Rsdt: BA122028)
51:963  0:000    BA1220A0: 'XSDT', 'A M I', Rev: 1, Len: 196 -> XSDT.aml
51:986  0:023    BA122028: 'RSDT', 'A M I', Rev: 1, Len: 116 -> RSDT.aml
52:010  0:024    Tables in Xsdt: 20
52:010  0:000    0. BA14A890: 'FACP', 'A M I', Rev: 6, Len: 276 -> FACP.aml
52:035  0:024        (Dsdt: BA122200, Facs: BA4D2C40, XDsdt: BA122200, XFacs: 0)
52:035  0:000        BA122200: 'DSDT', 'A M I', Rev: 2, Len: 165515 -> DSDT.aml
52:067  0:032        BA4D2C40: 'FACS', Ver: 2, Len: 64 -> FACS.aml
52:091  0:023    1. BA14A9A8: 'APIC', 'A M I', Rev: 3, Len: 132 -> APIC.aml
52:114  0:023    2. BA14AA30: 'FPDT', 'A M I', Rev: 1, Len: 68 -> FPDT.aml
52:138  0:023    3. BA14AA78: 'MCFG', 'A M I', Rev: 1, Len: 60 -> MCFG.aml
52:161  0:023    4. BA14AAB8: 'SSDT', 'SataTabl', Rev: 1, Len: 956 -> SSDT-0.aml
52:186  0:025    5. BA14AE78: 'FIDT', 'A M I', Rev: 1, Len: 156 -> FIDT.aml
52:220  0:033    6. BA14AF18: 'SSDT', 'SaSsdt', Rev: 2, Len: 12633 -> SSDT-1.aml
52:247  0:027    7. BA14E078: 'SSDT', 'PegSsdt', Rev: 2, Len: 9567 -> SSDT-2.aml
52:276  0:028    8. BA1505D8: 'HPET', 'KBL', Rev: 1, Len: 56 -> HPET.aml
52:304  0:028    9. BA150610: 'SSDT', 'Ther_Rvp', Rev: 2, Len: 3557 -> SSDT-3.aml
52:331  0:027    10. BA1513F8: 'SSDT', 'xh_rvp10', Rev: 2, Len: 10967 -> SSDT-4.aml
52:357  0:026    11. BA153ED0: 'UEFI', 'EDK2', Rev: 1, Len: 66 -> UEFI.aml
52:384  0:027    12. BA153F18: 'SSDT', 'CpuSsdt', Rev: 2, Len: 3806 -> SSDT-5.aml
52:413  0:028    13. BA154DF8: 'LPIT', 'KBL', Rev: 1, Len: 148 -> LPIT.aml
52:440  0:027    14. BA154E90: 'WSMT', 'KBL', Rev: 1, Len: 40 -> WSMT.aml
52:467  0:026    15. BA154EB8: 'SSDT', 'sensrhub', Rev: 2, Len: 671 -> SSDT-6.aml
52:496  0:029    16. BA155158: 'SSDT', 'PtidDevc', Rev: 2, Len: 12290 -> SSDT-7.aml
52:528  0:032    17. BA158160: 'DBGP', '', Rev: 1, Len: 52 -> DBGP.aml
52:559  0:031    18. BA158198: 'DBG2', '', Rev: 0, Len: 84 -> DBG2.aml
52:589  0:029    19. BA1581F0: 'BGRT', 'A M I', Rev: 1, Len: 56 -> BGRT.aml
52:621  0:031    Tables in Rsdt: 20
52:621  0:000    0. BA122178: 'FACP', 'A M I', Rev: 2, Len: 132 -> RSDT-FACP.aml
52:655  0:034        (Dsdt: BA122200, Facs: BA4D2C00)
52:655  0:000        BA122200: 'DSDT', 'A M I', Rev: 2, Len: 165515
52:655  0:000        BA4D2C00: 'FACS', Ver: 0, Len: 64 -> RSDT-FACS.aml
52:685  0:029    1. BA14A9A8: 'APIC', 'A M I', Rev: 3, Len: 132
52:685  0:000    2. BA14AA30: 'FPDT', 'A M I', Rev: 1, Len: 68
52:685  0:000    3. BA14AA78: 'MCFG', 'A M I', Rev: 1, Len: 60
52:685  0:000    4. BA14AAB8: 'SSDT', 'SataTabl', Rev: 1, Len: 956
52:685  0:000    5. BA14AE78: 'FIDT', 'A M I', Rev: 1, Len: 156
52:685  0:000    6. BA14AF18: 'SSDT', 'SaSsdt', Rev: 2, Len: 12633
52:685  0:000    7. BA14E078: 'SSDT', 'PegSsdt', Rev: 2, Len: 9567
52:685  0:000    8. BA1505D8: 'HPET', 'KBL', Rev: 1, Len: 56
52:685  0:000    9. BA150610: 'SSDT', 'Ther_Rvp', Rev: 2, Len: 3557
52:685  0:000    10. BA1513F8: 'SSDT', 'xh_rvp10', Rev: 2, Len: 10967
52:685  0:000    11. BA153ED0: 'UEFI', 'EDK2', Rev: 1, Len: 66
52:685  0:000    12. BA153F18: 'SSDT', 'CpuSsdt', Rev: 2, Len: 3806
52:685  0:000    13. BA154DF8: 'LPIT', 'KBL', Rev: 1, Len: 148
52:685  0:000    14. BA154E90: 'WSMT', 'KBL', Rev: 1, Len: 40
52:685  0:000    15. BA154EB8: 'SSDT', 'sensrhub', Rev: 2, Len: 671
52:685  0:000    16. BA155158: 'SSDT', 'PtidDevc', Rev: 2, Len: 12290
52:685  0:000    17. BA158160: 'DBGP', '', Rev: 1, Len: 52
52:685  0:000    18. BA158198: 'DBG2', '', Rev: 0, Len: 84
52:685  0:000    19. BA1581F0: 'BGRT', 'A M I', Rev: 1, Len: 56
52:685  0:000  Found UEFI Acpi 1.0 RSDP at BA122000
52:685  0:000  Printing ACPI tables from RSDP BA122000 ...
52:685  0:000   BA122000: 'RSD PTR ', Rev: 2 (Acpi 2.0 or newer), Len: 36
52:685  0:000    (Xsdt: BA1220A0, Rsdt: BA122028)
52:685  0:000    BA1220A0: 'XSDT', 'A M I', Rev: 1, Len: 196
52:685  0:000    BA122028: 'RSDT', 'A M I', Rev: 1, Len: 116
52:685  0:000    Tables in Xsdt: 20
52:685  0:000    0. BA14A890: 'FACP', 'A M I', Rev: 6, Len: 276
52:685  0:000        (Dsdt: BA122200, Facs: BA4D2C40, XDsdt: BA122200, XFacs: 0)
52:685  0:000        BA122200: 'DSDT', 'A M I', Rev: 2, Len: 165515
52:685  0:000        BA4D2C40: 'FACS', Ver: 2, Len: 64
52:685  0:000    1. BA14A9A8: 'APIC', 'A M I', Rev: 3, Len: 132
52:685  0:000    2. BA14AA30: 'FPDT', 'A M I', Rev: 1, Len: 68
52:685  0:000    3. BA14AA78: 'MCFG', 'A M I', Rev: 1, Len: 60
52:685  0:000    4. BA14AAB8: 'SSDT', 'SataTabl', Rev: 1, Len: 956
52:685  0:000    5. BA14AE78: 'FIDT', 'A M I', Rev: 1, Len: 156
52:685  0:000    6. BA14AF18: 'SSDT', 'SaSsdt', Rev: 2, Len: 12633
52:685  0:000    7. BA14E078: 'SSDT', 'PegSsdt', Rev: 2, Len: 9567
52:685  0:000    8. BA1505D8: 'HPET', 'KBL', Rev: 1, Len: 56
52:685  0:000    9. BA150610: 'SSDT', 'Ther_Rvp', Rev: 2, Len: 3557
52:685  0:000    10. BA1513F8: 'SSDT', 'xh_rvp10', Rev: 2, Len: 10967
52:685  0:000    11. BA153ED0: 'UEFI', 'EDK2', Rev: 1, Len: 66
52:685  0:000    12. BA153F18: 'SSDT', 'CpuSsdt', Rev: 2, Len: 3806
52:685  0:000    13. BA154DF8: 'LPIT', 'KBL', Rev: 1, Len: 148
52:685  0:000    14. BA154E90: 'WSMT', 'KBL', Rev: 1, Len: 40
52:685  0:000    15. BA154EB8: 'SSDT', 'sensrhub', Rev: 2, Len: 671
52:685  0:000    16. BA155158: 'SSDT', 'PtidDevc', Rev: 2, Len: 12290
52:685  0:000    17. BA158160: 'DBGP', '', Rev: 1, Len: 52
52:685  0:000    18. BA158198: 'DBG2', '', Rev: 0, Len: 84
52:685  0:000    19. BA1581F0: 'BGRT', 'A M I', Rev: 1, Len: 56
52:685  0:000    Tables in Rsdt: 20
52:685  0:000    0. BA122178: 'FACP', 'A M I', Rev: 2, Len: 132
52:685  0:000        (Dsdt: BA122200, Facs: BA4D2C00)
52:685  0:000        BA122200: 'DSDT', 'A M I', Rev: 2, Len: 165515
52:685  0:000        BA4D2C00: 'FACS', Ver: 0, Len: 64
52:685  0:000    1. BA14A9A8: 'APIC', 'A M I', Rev: 3, Len: 132
52:685  0:000    2. BA14AA30: 'FPDT', 'A M I', Rev: 1, Len: 68
52:685  0:000    3. BA14AA78: 'MCFG', 'A M I', Rev: 1, Len: 60
52:685  0:000    4. BA14AAB8: 'SSDT', 'SataTabl', Rev: 1, Len: 956
52:685  0:000    5. BA14AE78: 'FIDT', 'A M I', Rev: 1, Len: 156
52:685  0:000    6. BA14AF18: 'SSDT', 'SaSsdt', Rev: 2, Len: 12633
52:685  0:000    7. BA14E078: 'SSDT', 'PegSsdt', Rev: 2, Len: 9567
52:685  0:000    8. BA1505D8: 'HPET', 'KBL', Rev: 1, Len: 56
52:685  0:000    9. BA150610: 'SSDT', 'Ther_Rvp', Rev: 2, Len: 3557
52:685  0:000    10. BA1513F8: 'SSDT', 'xh_rvp10', Rev: 2, Len: 10967
52:685  0:000    11. BA153ED0: 'UEFI', 'EDK2', Rev: 1, Len: 66
52:685  0:000    12. BA153F18: 'SSDT', 'CpuSsdt', Rev: 2, Len: 3806
52:685  0:000    13. BA154DF8: 'LPIT', 'KBL', Rev: 1, Len: 148
52:685  0:000    14. BA154E90: 'WSMT', 'KBL', Rev: 1, Len: 40
52:685  0:000    15. BA154EB8: 'SSDT', 'sensrhub', Rev: 2, Len: 671
52:685  0:000    16. BA155158: 'SSDT', 'PtidDevc', Rev: 2, Len: 12290
52:685  0:000    17. BA158160: 'DBGP', '', Rev: 1, Len: 52
52:685  0:000    18. BA158198: 'DBG2', '', Rev: 0, Len: 84
52:685  0:000    19. BA1581F0: 'BGRT', 'A M I', Rev: 1, Len: 56
53:756  1:071  === [ FixBiosDsdt ] =======================================
53:757  0:000  Patching DSDT:
53:757  0:000   - [GFX0 to IGPU]: pattern 47465830, patched at: [ (51) (12) (12) (12) (12) (12) (12) (12) (12) (12) (12) (12) (12) (12) (6A) (12) (355) (12) (50) (3494) (6BB5) (8238) (1B) (1E14) (27) (2C10) (14) (8AAF) (151A) (677D) ]
53:757  0:000   - [HDAS to HDEF]: pattern 48444153, patched at: [ (2E7) (12) (12) (B4B0) (1D12) (84) (D) (2B) (32) (4F) (7B) (C3) (19E0D) ]
53:757  0:000   - [HECI to IMEI]: pattern 48454349, patched at: [ (11DDB) ]
53:757  0:000   - [SAT0 to SATA]: pattern 53415430, patched at: [ (320) (D) (D) (16) (D45C) (30) (125C8) (1501) (4E2) (2A) (29) (2E) (2E) (2E) ]
53:757  0:000   - [GLAN to GIGE]: pattern 474C414E, patched at: [ (B7DA) (A00) (99) ]
53:758  0:000   - [EC0 to EC]: disabled
53:758  0:000   - [Fix bug SKL+]: pattern A00A9353, bin not found / already patched!
53:758  0:000    0 replacements
53:759  0:000  found RTC Length not match, Maybe will cause CMOS reset, will patch it.
53:759  0:000  found RTC had IRQNoFlag will move -3 bytes
53:759  0:000  found PIC had IRQNoFlag will move -3 bytes
53:759  0:000  Start HPET Fix
53:812  0:052  DSDT saved to EFI\CLOVER\ACPI\origin\DSDT-10060054.aml
56:674  2:862  exit from MainMenu 7
56:675  0:000  banner file not read
69:761  13:085   Anime seems OK, init it
69:761  0:000  banner file not read
72:136  2:374  exit from MainMenu 1
72:137  0:000  ParseBootOption: invalid input params
72:137  0:000  BootVariable of the entry is empty
72:137  0:000  === [ StartLoader ] =======================================
72:137  0:000  Finally: ExternalClock=26MHz BusSpeed=100250kHz CPUFreq=3408MHz PIS: hw.busfrequency=104000000Hz
72:137  0:000  Loading boot.efi  status=Success
72:210  0:073  GetOSVersion: 10.14.6 (18G95)
72:210  0:000  CSR_CFG: CSR_ALLOW_UNTRUSTED_KEXTS | CSR_ALLOW_UNRESTRICTED_FS | CSR_ALLOW_TASK_FOR_PID | CSR_ALLOW_UNRESTRICTED_DTRACE | CSR_ALLOW_UNRESTRICTED_NVRAM
72:210  0:000  Filtering KextPatches:
72:210  0:000   - [00]: com.apple.driver.AppleAHCIPort (External icons patch) :: BinPatch :: [OS: 10.14.6 | MatchOS: 10.11.x,10.12.x,10.13.x,10.14.x,10.15.x | MatchBuild: All] ==> allowed
72:210  0:000   - [01]: com.apple.driver.AppleMikeyDriver (MikeyDriver Patch Assertions) :: BinPatch :: [OS: 10.14.6 | MatchOS: 10.11.x,10.12.x,10.13.x,10.14.x,10.15.x | MatchBuild: All] ==> allowed
72:210  0:000   - [02]: com.apple.driver.AppleGraphicsDevicePolicy (Prevent AGDP from loading) :: BinPatch :: [OS: 10.14.6 | MatchOS: 10.11.x,10.12.x,10.13.x,10.14.x,10.15.x | MatchBuild: All] ==> allowed
72:210  0:000   - [03]: com.apple.driver.AppleHDA (AppleHDA Patch Assertions) :: BinPatch :: [OS: 10.14.6 | MatchOS: 10.11.x,10.12.x,10.13.x,10.14.x,10.15.x | MatchBuild: All] ==> allowed
72:210  0:000   - [04]: com.apple.driver.usb.AppleUSBXHCIPCI (USB port limit patch) :: BinPatch :: [OS: 10.14.6 | MatchOS: 10.11.x | MatchBuild: All] ==> not allowed
72:210  0:000   - [05]: com.apple.driver.usb.AppleUSBXHCIPCI (USB port limit patch) :: BinPatch :: [OS: 10.14.6 | MatchOS: 10.12.x | MatchBuild: All] ==> not allowed
72:210  0:000   - [06]: com.apple.driver.usb.AppleUSBXHCI (USB port limit patch by PMHeart) :: BinPatch :: [OS: 10.14.6 | MatchOS: 10.13.6 | MatchBuild: All] ==> not allowed
72:210  0:000   - [07]: com.apple.iokit.IOUSBHostFamily (USB port limit patch #1 10.14.x modify by DalianSky(credit ydeng)) :: BinPatch :: [OS: 10.14.6 | MatchOS: 10.14.x | MatchBuild: All] ==> allowed
72:210  0:000   - [08]: com.apple.iokit.IOUSBHostFamily (USB port limit patch #2 10.14.x modify by DalianSky(credit PMHeart)) :: BinPatch :: [OS: 10.14.6 | MatchOS: 10.14.x | MatchBuild: All] ==> allowed
72:210  0:000   - [09]: com.apple.driver.usb.AppleUSBXHCI (USB Port limit patch #3 10.14.x modify by DalianSky(credits PMheart)) :: BinPatch :: [OS: 10.14.6 | MatchOS: 10.14.x | MatchBuild: All] ==> allowed
72:210  0:000   - [10]: com.apple.driver.usb.AppleUSBXHCI (USB Port limit patch #4 10.14.x modify by DalianSky(credits PMheart)) :: BinPatch :: [OS: 10.14.6 | MatchOS: 10.14.x | MatchBuild: All] ==> allowed
72:210  0:000   - [11]: com.apple.iokit.IOUSBHostFamily (USB Port limit patch #1(credits PMheart)) :: BinPatch :: [OS: 10.14.6 | MatchOS: 10.15.x | MatchBuild: All] ==> not allowed
72:210  0:000   - [12]: com.apple.driver.usb.AppleUSBXHCI (USB Port limit patch #2(credits PMheart)) :: BinPatch :: [OS: 10.14.6 | MatchOS: 10.15.x | MatchBuild: All] ==> not allowed
72:210  0:000  Will not patch boot.efi
72:210  0:000  === [ PatchSmbios ] =======================================
72:210  0:000  insert table 9 for dev 1F:6
72:210  0:000  insert table 9 for dev 0:0
72:210  0:000  Table 11 present, but rewritten for us
72:211  0:000  Trusting SMBIOS...
72:211  0:000  Channels: 1
72:211  0:000  Interleave: 0 1 2 3 4 5 6 7 8 9 10 11 12 13 14 15 16 17 18 19 20 21 22 23
72:211  0:000  SMBIOS Type 17 Index = 0 => 0 0:
72:211  0:000  BANK 0 DIMM0 EMPTY
72:211  0:000  SMBIOS Type 17 Index = 1 => 1 1:
72:211  0:000  BANK 0 DIMM1 EMPTY
72:211  0:000  SMBIOS Type 17 Index = 2 => 2 2:
72:211  0:000  BANK 0 DIMM2 EMPTY
72:211  0:000   partNum=CMK8GX4M1A2400C16   
72:211  0:000  SMBIOS Type 17 Index = 3 => 3 3:
72:211  0:000  BANK 0 DIMM3 2400MHz 8192MB
72:211  0:000  mTotalSystemMemory = 8192
72:211  0:000  NumberOfMemoryDevices = 4
72:211  0:000  Type20[0]->End = 0x7FFFFF, Type17[3] = 0x2000
72:211  0:000  Table 131 is present, CPUType=35
72:211  0:000  Change to: 605
72:211  0:000  === [ PatchACPI ] =========================================
72:211  0:000  Xsdt reallocation done
72:211  0:000  old FADT length=114
72:211  0:000   SignatureFixup: 0xC0F6E6D6 -> 0x0
72:211  0:000  Found OperationRegion(GNVS, SystemMemory, BA49C000, ...)
72:211  0:000  Found OperationRegion(CPSB, SystemMemory, B9C78F98, ...)
72:211  0:000  Found OperationRegion(PNVA, SystemMemory, BA4D2018, ...)
72:211  0:000  Found OperationRegion(THBA, SystemMemory, FE200000, ...)
72:212  0:000  Found OperationRegion(ITSS, SystemMemory, FDC43100, ...)
72:212  0:000  Found OperationRegion(ABNV, SystemMemory, FFFF0000, ...)
72:212  0:000  Found OperationRegion(TMMB, SystemMemory, FED40000, ...)
72:212  0:000  Found OperationRegion(CRBD, SystemMemory, FED40000, ...)
72:212  0:000  Found OperationRegion(TPMR, SystemMemory, FFFFFFFF, ...)
72:212  0:000  Found OperationRegion(ATNV, SystemMemory, FFFF0000, ...)
72:213  0:001  Apply DsdtFixMask=0x10060054
72:213  0:000     drop _DSM mask=0x0000
72:213  0:000  === [ FixBiosDsdt ] =======================================
72:213  0:000  Patching DSDT:
72:213  0:000   - [GFX0 to IGPU]: pattern 47465830, patched at: [ (51) (12) (12) (12) (12) (12) (12) (12) (12) (12) (12) (12) (12) (12) (6A) (12) (355) (12) (50) (3494) (6BB5) (8238) (1B) (1E14) (27) (2C10) (14) (8AAF) (151A) (677D) ]
72:213  0:000   - [HDAS to HDEF]: pattern 48444153, patched at: [ (2E7) (12) (12) (B4B0) (1D12) (84) (D) (2B) (32) (4F) (7B) (C3) (19E0D) ]
72:213  0:000   - [HECI to IMEI]: pattern 48454349, patched at: [ (11DDB) ]
72:214  0:000   - [SAT0 to SATA]: pattern 53415430, patched at: [ (320) (D) (D) (16) (D45C) (30) (125C8) (1501) (4E2) (2A) (29) (2E) (2E) (2E) ]
72:214  0:000   - [GLAN to GIGE]: pattern 474C414E, patched at: [ (B7DA) (A00) (99) ]
72:214  0:000   - [EC0 to EC]: disabled
72:214  0:000   - [Fix bug SKL+]: pattern A00A9353, bin not found / already patched!
72:214  0:000    0 replacements
72:215  0:000  found RTC Length not match, Maybe will cause CMOS reset, will patch it.
72:215  0:000  found RTC had IRQNoFlag will move -3 bytes
72:216  0:000  found PIC had IRQNoFlag will move -3 bytes
72:216  0:000  Start HPET Fix
72:217  0:000    indirect name=PNVB
72:217  0:000  OperationRegion (THBA...) corrected from 0x0 to addr=0xFE200000
72:217  0:000    indirect name=TPMM
72:217  0:000    indirect name=FTPM
72:217  0:000    indirect name=PPIM
72:217  0:000  PreCleanup XSDT: count=20, length=196
72:217  0:000  PreCleanup XSDT, corrected XSDT: count=20, length=196
72:217  0:000  === [ ACPIDropTables ] ====================================
72:217  0:000  Patching SSDT SataTabl Length=956
72:217  0:000  0. [GFX0 to IGPU]: pattern 47465830, bin not found / already patched!
72:217  0:000  1. [HDAS to HDEF]: pattern 48444153, bin not found / already patched!
72:217  0:000  2. [HECI to IMEI]: pattern 48454349, bin not found / already patched!
72:217  0:000  3. [SAT0 to SATA]: pattern 53415430, patched at: [ (27) (E) (12) (12) (12) (12) (12) (AB) ]
72:217  0:000  4. [GLAN to GIGE]: pattern 474C414E, bin not found / already patched!
72:217  0:000  5. [EC0 to EC]: disabled
72:217  0:000  6. [Fix bug SKL+]: pattern A00A9353, bin not found / already patched!
72:217  0:000    0 replacements
72:217  0:000  Patching SSDT SaSsdt  Length=12633
72:217  0:000  0. [GFX0 to IGPU]: pattern 47465830, patched at: [ (2D) (20) (46) (2A0) (1C8A) (A3A) (1D) (6EC) ]
72:217  0:000  1. [HDAS to HDEF]: pattern 48444153, bin not found / already patched!
72:217  0:000  2. [HECI to IMEI]: pattern 48454349, bin not found / already patched!
72:217  0:000  3. [SAT0 to SATA]: pattern 53415430, bin not found / already patched!
72:217  0:000  4. [GLAN to GIGE]: pattern 474C414E, bin not found / already patched!
72:217  0:000  5. [EC0 to EC]: disabled
72:217  0:000  6. [Fix bug SKL+]: pattern A00A9353, bin not found / already patched!
72:217  0:000    0 replacements
72:217  0:000  Found OperationRegion(SANV, SystemMemory, BA4CF018, ...)
72:217  0:000  Patching SSDT PegSsdt Length=9567
72:217  0:000  0. [GFX0 to IGPU]: pattern 47465830, bin not found / already patched!
72:217  0:000  1. [HDAS to HDEF]: pattern 48444153, bin not found / already patched!
72:217  0:000  2. [HECI to IMEI]: pattern 48454349, bin not found / already patched!
72:217  0:000  3. [SAT0 to SATA]: pattern 53415430, bin not found / already patched!
72:217  0:000  4. [GLAN to GIGE]: pattern 474C414E, bin not found / already patched!
72:217  0:000  5. [EC0 to EC]: disabled
72:217  0:000  6. [Fix bug SKL+]: pattern A00A9353, bin not found / already patched!
72:217  0:000    0 replacements
72:217  0:000  Patching SSDT Ther_Rvp Length=3557
72:217  0:000  0. [GFX0 to IGPU]: pattern 47465830, bin not found / already patched!
72:217  0:000  1. [HDAS to HDEF]: pattern 48444153, bin not found / already patched!
72:217  0:000  2. [HECI to IMEI]: pattern 48454349, bin not found / already patched!
72:217  0:000  3. [SAT0 to SATA]: pattern 53415430, bin not found / already patched!
72:217  0:000  4. [GLAN to GIGE]: pattern 474C414E, bin not found / already patched!
72:217  0:000  5. [EC0 to EC]: disabled
72:217  0:000  6. [Fix bug SKL+]: pattern A00A9353, bin not found / already patched!
72:217  0:000    0 replacements
72:217  0:000  Patching SSDT xh_rvp10 Length=10967
72:217  0:000  0. [GFX0 to IGPU]: pattern 47465830, bin not found / already patched!
72:217  0:000  1. [HDAS to HDEF]: pattern 48444153, bin not found / already patched!
72:217  0:000  2. [HECI to IMEI]: pattern 48454349, bin not found / already patched!
72:217  0:000  3. [SAT0 to SATA]: pattern 53415430, bin not found / already patched!
72:217  0:000  4. [GLAN to GIGE]: pattern 474C414E, bin not found / already patched!
72:217  0:000  5. [EC0 to EC]: disabled
72:217  0:000  6. [Fix bug SKL+]: pattern A00A9353, bin not found / already patched!
72:217  0:000    0 replacements
72:217  0:000  Patching SSDT CpuSsdt Length=3806
72:217  0:000  0. [GFX0 to IGPU]: pattern 47465830, bin not found / already patched!
72:217  0:000  1. [HDAS to HDEF]: pattern 48444153, bin not found / already patched!
72:217  0:000  2. [HECI to IMEI]: pattern 48454349, bin not found / already patched!
72:217  0:000  3. [SAT0 to SATA]: pattern 53415430, bin not found / already patched!
72:217  0:000  4. [GLAN to GIGE]: pattern 474C414E, bin not found / already patched!
72:217  0:000  5. [EC0 to EC]: disabled
72:217  0:000  6. [Fix bug SKL+]: pattern A00A9353, bin not found / already patched!
72:217  0:000    0 replacements
72:217  0:000  Found OperationRegion(PNVS, SystemMemory, B242E000, ...)
72:217  0:000  Patching SSDT sensrhub Length=671
72:217  0:000  0. [GFX0 to IGPU]: pattern 47465830, bin not found / already patched!
72:217  0:000  1. [HDAS to HDEF]: pattern 48444153, bin not found / already patched!
72:217  0:000  2. [HECI to IMEI]: pattern 48454349, bin not found / already patched!
72:217  0:000  3. [SAT0 to SATA]: pattern 53415430, bin not found / already patched!
72:217  0:000  4. [GLAN to GIGE]: pattern 474C414E, bin not found / already patched!
72:217  0:000  5. [EC0 to EC]: disabled
72:217  0:000  6. [Fix bug SKL+]: pattern A00A9353, bin not found / already patched!
72:217  0:000    0 replacements
72:218  0:000  Patching SSDT PtidDevc Length=12290
72:218  0:000  0. [GFX0 to IGPU]: pattern 47465830, bin not found / already patched!
72:218  0:000  1. [HDAS to HDEF]: pattern 48444153, bin not found / already patched!
72:218  0:000  2. [HECI to IMEI]: pattern 48454349, bin not found / already patched!
72:218  0:000  3. [SAT0 to SATA]: pattern 53415430, bin not found / already patched!
72:218  0:000  4. [GLAN to GIGE]: pattern 474C414E, bin not found / already patched!
72:218  0:000  5. [EC0 to EC]: disabled
72:218  0:000  6. [Fix bug SKL+]: pattern A00A9353, bin not found / already patched!
72:218  0:000    0 replacements
72:218  0:000  CPUBase=0 and ApicCPUBase=1 ApicCPUNum=1
72:218  0:000  Maximum control=0x22
72:218  0:000  Turbo control=0x26
72:218  0:000  P-States: min 0x8, max 0x26
72:218  0:000  SSDT with plugin-type without P-States is generated
72:218  0:000  Cleanup XSDT: count=21, length=204
72:218  0:000  corrected XSDT count=21, length=204
72:218  0:000  === [ RestSetup macOS ] ===================================
72:218  0:000  EdidDiscovered size=128
72:218  0:000  --- Discovered EDID Table size:128
72:218  0:000  000  |  00  FF  FF  FF  FF  FF  FF  00  10  AC
72:218  0:000  010  |  B8  D0  54  57  45  30  2C  1B  01  03
72:218  0:000  020  |  80  30  1B  78  EA  C7  B5  A7  56  53
72:218  0:000  030  |  9C  27  10  50  54  A5  4B  00  71  4F
72:218  0:000  040  |  81  80  A9  C0  D1  C0  01  01  01  01
72:218  0:000  050  |  01  01  01  01  02  3A  80  18  71  38
72:218  0:000  060  |  2D  40  58  2C  45  00  DC  0C  11  00
72:218  0:000  070  |  00  1E  00  00  00  FF  00  52  59  46
72:218  0:000  080  |  33  37  37  41  56  30  45  57  54  0A
72:218  0:000  090  |  00  00  00  FC  00  44  45  4C  4C  20
72:218  0:000  100  |  53  32  32  31  38  48  0A  20  00  00
72:218  0:000  110  |  00  FD  00  38  4C  1E  53  11  00  0A
72:218  0:000  120  |  20  20  20  20  20  20  01  7B
72:218  0:000  Intel GFX injection not set
72:218  0:000   RCBA disabled; cannot use it
72:218  0:000   setting specified layout-id=28 (0x1C)
72:218  0:000  stringlength = 1600
72:218  0:000  CurrentMode: Width=1920 Height=1080
72:218  0:000  Beginning FSInjection
FSInjectionInstall ...
- Our FSI_SIMPLE_FILE_SYSTEM_PROTOCOL installed on handle: B58F4798
FSInjectionInstall ...
- Our FSI_SIMPLE_FILE_SYSTEM_PROTOCOL installed on handle: B58F4798
72:236  0:017  Use origin smbios table type 1 guid.
72:243  0:007  Preparing kexts injection for arch=x86_64 from EFI\CLOVER\kexts\Other
72:243  0:000  Extra kext: EFI\CLOVER\kexts\Other\NoTouchID.kext (v.1.0.2)
72:251  0:007  Extra kext: EFI\CLOVER\kexts\Other\XHCI-unsupported.kext (v.0.9.2)
72:254  0:002  Extra kext: EFI\CLOVER\kexts\Other\FakeSMC.kext (v.3.5.2)
72:260  0:005  Extra kext: EFI\CLOVER\kexts\Other\USBInjectAll.kext (v.0.7.1)
72:287  0:027  Extra kext: EFI\CLOVER\kexts\Other\RealtekRTL8111.kext (v.2.2.2)
72:295  0:007  Extra kext: EFI\CLOVER\kexts\Other\WhateverGreen.kext (v.1.3.2)
72:304  0:009  Extra kext: EFI\CLOVER\kexts\Other\IntelMausi.kext (v.1.0.0)
72:313  0:008  Extra kext: EFI\CLOVER\kexts\Other\AppleALC.kext (v.1.3.9)
72:374  0:061  Extra kext: EFI\CLOVER\kexts\Other\Lilu.kext (v.1.3.8)
72:380  0:006  Extra kext: EFI\CLOVER\kexts\Other\RealtekRTL8100.kext (v.2.0.1)
72:392  0:011  SetStartupDiskVolume:
72:392  0:000    * Volume: 'MacOS'
72:392  0:000    * LoaderPath: '<null string>'
72:392  0:000    * DevPath: MacOS
72:392  0:000    * GUID = 048BF932-9302-4F9B-A5EB-D725272C513D
72:393  0:001    * efi-boot-device: <array><dict><key>IOMatch</key><dict><key>IOProviderClass</key><string>IOMedia</string><key>IOPropertyMatch</key><dict><key>UUID</key><string>048BF932-9302-4F9B-A5EB-D725272C513D</string></dict></dict></dict></array>
72:396  0:002  Custom boot screen not used because entry has unset use graphics
72:397  0:001  Closing log
